
> orphosys-education@0.1.0 build
> next build

Γû▓ Next.js 16.1.6 (Turbopack)
- Environments: .env

  Creating an optimized production build ...
Γ£ô Compiled successfully in 10.4s
  Running TypeScript ...
Failed to compile.

.next/types/validator.ts:360:31
Type error: Type 'typeof import("C:/orphosys-education/app/api/courses/[id]/route")' does not satisfy the constraint 'RouteHandlerConfig<"/api/courses/[id]">'.
  Types of property 'GET' are incompatible.
    Type '(req: Request, { params }: { params: { id: string; }; }) => Promise<NextResponse<{ id: string; title: string; createdAt: Date; slug: string; description: string | null; shortDesc: string | null; icon: string | null; ... 9 more ...; updatedAt: Date; }> | NextResponse<...>>' is not assignable to type '(request: NextRequest, context: { params: Promise<{ id: string; }>; }) => void | Response | Promise<void | Response>'.
      Types of parameters '__1' and 'context' are incompatible.
        Type '{ params: Promise<{ id: string; }>; }' is not assignable to type '{ params: { id: string; }; }'.
          Types of property 'params' are incompatible.
            Property 'id' is missing in type 'Promise<{ id: string; }>' but required in type '{ id: string; }'.

  358 |   type __IsExpected<Specific extends RouteHandlerConfig<"/api/courses/[id]">> = Specific
  359 |   const handler = {} as typeof import("../../app/api/courses/[id]/route.js")
> 360 |   type __Check = __IsExpected<typeof handler>
      |                               ^
  361 |   // @ts-ignore
  362 |   type __Unused = __Check
  363 | }
Next.js build worker exited with code: 1 and signal: null
